<?xml version="1.0" encoding="UTF-8"?>
<!-- Generated by org.testng.reporters.JUnitReportReporter -->
<testsuite hostname="LAPTOP-0AE5AE9K" failures="0" tests="3" name="com.juaracoding.apitest.GroupTest" time="8.019" errors="0" timestamp="2025-08-02T15:16:55 ICT" skipped="0">
  <testcase classname="com.juaracoding.apitest.GroupTest" name="tc0003" time="2.039"/>
  <testcase classname="com.juaracoding.apitest.GroupTest" name="tc0002" time="2.038"/>
  <testcase classname="com.juaracoding.apitest.GroupTest" name="tc0001" time="3.942"/>
</testsuite> <!-- com.juaracoding.apitest.GroupTest -->
