<?xml version="1.0" encoding="UTF-8"?>
<!-- Generated by org.testng.reporters.JUnitReportReporter -->
<testsuite hostname="LAPTOP-0AE5AE9K" failures="0" tests="3" name="com.juaracoding.apitest.PlansTest" time="4.075" errors="0" timestamp="2025-08-02T15:16:55 ICT" skipped="1">
  <testcase classname="com.juaracoding.apitest.PlansTest" name="tc0001" time="2.048"/>
  <testcase classname="com.juaracoding.apitest.PlansTest" name="tc0002" time="2.027"/>
  <testcase classname="com.juaracoding.apitest.PlansTest" name="tc0003">
    <skipped/>
  </testcase> <!-- tc0003 -->
</testsuite> <!-- com.juaracoding.apitest.PlansTest -->
